Build output check failed:
    Regex: 'command line option .* is valid for .* but not for C\+\+'
    Output line: 'cc1plus: warning: command line option ‘-Wmissing-prototypes’ is valid for C/ObjC but not for C++'
Compilation failed:
    source file: '/home/linux/lanenet-lane-detection/opencv/opencv-3.2.0/build/opencv/opencv-3.2.0/build/CMakeFiles/CMakeTmp/src.cxx'
    check option: ' -fsigned-char -W -Wall -Werror=return-type -Werror=non-virtual-dtor -Werror=address -Werror=sequence-point -Wformat -Werror=format-security -Wmissing-declarations  -Wmissing-prototypes'
===== BUILD LOG =====
Change Dir: /home/linux/lanenet-lane-detection/opencv/opencv-3.2.0/build/opencv/opencv-3.2.0/build/CMakeFiles/CMakeTmp

Run Build Command:"/usr/bin/make" "cmTC_b814b/fast"
/usr/bin/make -f CMakeFiles/cmTC_b814b.dir/build.make CMakeFiles/cmTC_b814b.dir/build
make[1]: 디렉터리 '/home/linux/lanenet-lane-detection/opencv/opencv-3.2.0/build/opencv/opencv-3.2.0/build/CMakeFiles/CMakeTmp' 들어감
Building CXX object CMakeFiles/cmTC_b814b.dir/src.cxx.o
/usr/bin/c++     -O3 -DNDEBUG   -fsigned-char -W -Wall -Werror=return-type -Werror=non-virtual-dtor -Werror=address -Werror=sequence-point -Wformat -Werror=format-security -Wmissing-declarations -Wmissing-prototypes -o CMakeFiles/cmTC_b814b.dir/src.cxx.o -c /home/linux/lanenet-lane-detection/opencv/opencv-3.2.0/build/opencv/opencv-3.2.0/build/CMakeFiles/CMakeTmp/src.cxx
cc1plus: warning: command line option ‘-Wmissing-prototypes’ is valid for C/ObjC but not for C++
/home/linux/lanenet-lane-detection/opencv/opencv-3.2.0/build/opencv/opencv-3.2.0/build/CMakeFiles/CMakeTmp/src.cxx:1:0: warning: ignoring #pragma   [-Wunknown-pragmas]
 #pragma
 ^
Linking CXX executable cmTC_b814b
/usr/bin/cmake -E cmake_link_script CMakeFiles/cmTC_b814b.dir/link.txt --verbose=1
/usr/bin/c++     -O3 -DNDEBUG    CMakeFiles/cmTC_b814b.dir/src.cxx.o  -o cmTC_b814b -rdynamic 
make[1]: 디렉터리 '/home/linux/lanenet-lane-detection/opencv/opencv-3.2.0/build/opencv/opencv-3.2.0/build/CMakeFiles/CMakeTmp' 나감

===== END =====

Build output check failed:
    Regex: 'command line option .* is valid for .* but not for C\+\+'
    Output line: 'cc1plus: warning: command line option ‘-Wstrict-prototypes’ is valid for C/ObjC but not for C++'
Compilation failed:
    source file: '/home/linux/lanenet-lane-detection/opencv/opencv-3.2.0/build/opencv/opencv-3.2.0/build/CMakeFiles/CMakeTmp/src.cxx'
    check option: ' -fsigned-char -W -Wall -Werror=return-type -Werror=non-virtual-dtor -Werror=address -Werror=sequence-point -Wformat -Werror=format-security -Wmissing-declarations  -Wstrict-prototypes'
===== BUILD LOG =====
Change Dir: /home/linux/lanenet-lane-detection/opencv/opencv-3.2.0/build/opencv/opencv-3.2.0/build/CMakeFiles/CMakeTmp

Run Build Command:"/usr/bin/make" "cmTC_73197/fast"
/usr/bin/make -f CMakeFiles/cmTC_73197.dir/build.make CMakeFiles/cmTC_73197.dir/build
make[1]: 디렉터리 '/home/linux/lanenet-lane-detection/opencv/opencv-3.2.0/build/opencv/opencv-3.2.0/build/CMakeFiles/CMakeTmp' 들어감
Building CXX object CMakeFiles/cmTC_73197.dir/src.cxx.o
/usr/bin/c++     -O3 -DNDEBUG   -fsigned-char -W -Wall -Werror=return-type -Werror=non-virtual-dtor -Werror=address -Werror=sequence-point -Wformat -Werror=format-security -Wmissing-declarations -Wstrict-prototypes -o CMakeFiles/cmTC_73197.dir/src.cxx.o -c /home/linux/lanenet-lane-detection/opencv/opencv-3.2.0/build/opencv/opencv-3.2.0/build/CMakeFiles/CMakeTmp/src.cxx
cc1plus: warning: command line option ‘-Wstrict-prototypes’ is valid for C/ObjC but not for C++
/home/linux/lanenet-lane-detection/opencv/opencv-3.2.0/build/opencv/opencv-3.2.0/build/CMakeFiles/CMakeTmp/src.cxx:1:0: warning: ignoring #pragma   [-Wunknown-pragmas]
 #pragma
 ^
Linking CXX executable cmTC_73197
/usr/bin/cmake -E cmake_link_script CMakeFiles/cmTC_73197.dir/link.txt --verbose=1
/usr/bin/c++     -O3 -DNDEBUG    CMakeFiles/cmTC_73197.dir/src.cxx.o  -o cmTC_73197 -rdynamic 
make[1]: 디렉터리 '/home/linux/lanenet-lane-detection/opencv/opencv-3.2.0/build/opencv/opencv-3.2.0/build/CMakeFiles/CMakeTmp' 나감

===== END =====

Build output check failed:
    Regex: 'command line option .* is valid for .* but not for C'
    Output line: 'cc1: warning: command line option ‘-Wsign-promo’ is valid for C++/ObjC++ but not for C'
Compilation failed:
    source file: '/home/linux/lanenet-lane-detection/opencv/opencv-3.2.0/build/opencv/opencv-3.2.0/build/CMakeFiles/CMakeTmp/src.c'
    check option: ' -fsigned-char -W -Wall -Werror=return-type -Werror=non-virtual-dtor -Werror=address -Werror=sequence-point -Wformat -Werror=format-security -Wmissing-declarations -Wmissing-prototypes -Wstrict-prototypes -Wundef -Winit-self -Wpointer-arith -Wshadow  -Wsign-promo'
===== BUILD LOG =====
Change Dir: /home/linux/lanenet-lane-detection/opencv/opencv-3.2.0/build/opencv/opencv-3.2.0/build/CMakeFiles/CMakeTmp

Run Build Command:"/usr/bin/make" "cmTC_2cca0/fast"
/usr/bin/make -f CMakeFiles/cmTC_2cca0.dir/build.make CMakeFiles/cmTC_2cca0.dir/build
make[1]: 디렉터리 '/home/linux/lanenet-lane-detection/opencv/opencv-3.2.0/build/opencv/opencv-3.2.0/build/CMakeFiles/CMakeTmp' 들어감
Building C object CMakeFiles/cmTC_2cca0.dir/src.c.o
/usr/bin/cc    -O3 -DNDEBUG   -fsigned-char -W -Wall -Werror=return-type -Werror=non-virtual-dtor -Werror=address -Werror=sequence-point -Wformat -Werror=format-security -Wmissing-declarations -Wmissing-prototypes -Wstrict-prototypes -Wundef -Winit-self -Wpointer-arith -Wshadow -Wsign-promo -o CMakeFiles/cmTC_2cca0.dir/src.c.o   -c /home/linux/lanenet-lane-detection/opencv/opencv-3.2.0/build/opencv/opencv-3.2.0/build/CMakeFiles/CMakeTmp/src.c
cc1: warning: command line option ‘-Wsign-promo’ is valid for C++/ObjC++ but not for C
/home/linux/lanenet-lane-detection/opencv/opencv-3.2.0/build/opencv/opencv-3.2.0/build/CMakeFiles/CMakeTmp/src.c:1:0: warning: ignoring #pragma   [-Wunknown-pragmas]
 #pragma
 ^
Linking C executable cmTC_2cca0
/usr/bin/cmake -E cmake_link_script CMakeFiles/cmTC_2cca0.dir/link.txt --verbose=1
/usr/bin/cc    -O3 -DNDEBUG    CMakeFiles/cmTC_2cca0.dir/src.c.o  -o cmTC_2cca0 -rdynamic 
make[1]: 디렉터리 '/home/linux/lanenet-lane-detection/opencv/opencv-3.2.0/build/opencv/opencv-3.2.0/build/CMakeFiles/CMakeTmp' 나감

===== END =====

Build output check failed:
    Regex: 'command line option .* is valid for .* but not for C'
    Output line: 'cc1: warning: command line option ‘-Wno-delete-non-virtual-dtor’ is valid for C++/ObjC++ but not for C'
Compilation failed:
    source file: '/home/linux/lanenet-lane-detection/opencv/opencv-3.2.0/build/opencv/opencv-3.2.0/build/CMakeFiles/CMakeTmp/src.c'
    check option: ' -fsigned-char -W -Wall -Werror=return-type -Werror=non-virtual-dtor -Werror=address -Werror=sequence-point -Wformat -Werror=format-security -Wmissing-declarations -Wmissing-prototypes -Wstrict-prototypes -Wundef -Winit-self -Wpointer-arith -Wshadow -Wno-narrowing  -Wno-delete-non-virtual-dtor'
===== BUILD LOG =====
Change Dir: /home/linux/lanenet-lane-detection/opencv/opencv-3.2.0/build/opencv/opencv-3.2.0/build/CMakeFiles/CMakeTmp

Run Build Command:"/usr/bin/make" "cmTC_0ea48/fast"
/usr/bin/make -f CMakeFiles/cmTC_0ea48.dir/build.make CMakeFiles/cmTC_0ea48.dir/build
make[1]: 디렉터리 '/home/linux/lanenet-lane-detection/opencv/opencv-3.2.0/build/opencv/opencv-3.2.0/build/CMakeFiles/CMakeTmp' 들어감
Building C object CMakeFiles/cmTC_0ea48.dir/src.c.o
/usr/bin/cc    -O3 -DNDEBUG   -fsigned-char -W -Wall -Werror=return-type -Werror=non-virtual-dtor -Werror=address -Werror=sequence-point -Wformat -Werror=format-security -Wmissing-declarations -Wmissing-prototypes -Wstrict-prototypes -Wundef -Winit-self -Wpointer-arith -Wshadow -Wno-narrowing -Wno-delete-non-virtual-dtor -o CMakeFiles/cmTC_0ea48.dir/src.c.o   -c /home/linux/lanenet-lane-detection/opencv/opencv-3.2.0/build/opencv/opencv-3.2.0/build/CMakeFiles/CMakeTmp/src.c
cc1: warning: command line option ‘-Wno-delete-non-virtual-dtor’ is valid for C++/ObjC++ but not for C
/home/linux/lanenet-lane-detection/opencv/opencv-3.2.0/build/opencv/opencv-3.2.0/build/CMakeFiles/CMakeTmp/src.c:1:0: warning: ignoring #pragma   [-Wunknown-pragmas]
 #pragma
 ^
Linking C executable cmTC_0ea48
/usr/bin/cmake -E cmake_link_script CMakeFiles/cmTC_0ea48.dir/link.txt --verbose=1
/usr/bin/cc    -O3 -DNDEBUG    CMakeFiles/cmTC_0ea48.dir/src.c.o  -o cmTC_0ea48 -rdynamic 
make[1]: 디렉터리 '/home/linux/lanenet-lane-detection/opencv/opencv-3.2.0/build/opencv/opencv-3.2.0/build/CMakeFiles/CMakeTmp' 나감

===== END =====

Build output check failed:
    Regex: 'unrecognized .*option'
    Output line: 'cc1plus: warning: unrecognized command line option ‘-Wno-unnamed-type-template-args’'
Compilation failed:
    source file: '/home/linux/lanenet-lane-detection/opencv/opencv-3.2.0/build/opencv/opencv-3.2.0/build/CMakeFiles/CMakeTmp/src.cxx'
    check option: ' -fsigned-char -W -Wall -Werror=return-type -Werror=non-virtual-dtor -Werror=address -Werror=sequence-point -Wformat -Werror=format-security -Wmissing-declarations -Wundef -Winit-self -Wpointer-arith -Wshadow -Wsign-promo -Wno-narrowing -Wno-delete-non-virtual-dtor  -Wno-unnamed-type-template-args'
===== BUILD LOG =====
Change Dir: /home/linux/lanenet-lane-detection/opencv/opencv-3.2.0/build/opencv/opencv-3.2.0/build/CMakeFiles/CMakeTmp

Run Build Command:"/usr/bin/make" "cmTC_f4cf3/fast"
/usr/bin/make -f CMakeFiles/cmTC_f4cf3.dir/build.make CMakeFiles/cmTC_f4cf3.dir/build
make[1]: 디렉터리 '/home/linux/lanenet-lane-detection/opencv/opencv-3.2.0/build/opencv/opencv-3.2.0/build/CMakeFiles/CMakeTmp' 들어감
Building CXX object CMakeFiles/cmTC_f4cf3.dir/src.cxx.o
/usr/bin/c++     -O3 -DNDEBUG   -fsigned-char -W -Wall -Werror=return-type -Werror=non-virtual-dtor -Werror=address -Werror=sequence-point -Wformat -Werror=format-security -Wmissing-declarations -Wundef -Winit-self -Wpointer-arith -Wshadow -Wsign-promo -Wno-narrowing -Wno-delete-non-virtual-dtor -Wno-unnamed-type-template-args -o CMakeFiles/cmTC_f4cf3.dir/src.cxx.o -c /home/linux/lanenet-lane-detection/opencv/opencv-3.2.0/build/opencv/opencv-3.2.0/build/CMakeFiles/CMakeTmp/src.cxx
/home/linux/lanenet-lane-detection/opencv/opencv-3.2.0/build/opencv/opencv-3.2.0/build/CMakeFiles/CMakeTmp/src.cxx:1:0: warning: ignoring #pragma   [-Wunknown-pragmas]
 #pragma
 ^
cc1plus: warning: unrecognized command line option ‘-Wno-unnamed-type-template-args’
Linking CXX executable cmTC_f4cf3
/usr/bin/cmake -E cmake_link_script CMakeFiles/cmTC_f4cf3.dir/link.txt --verbose=1
/usr/bin/c++     -O3 -DNDEBUG    CMakeFiles/cmTC_f4cf3.dir/src.cxx.o  -o cmTC_f4cf3 -rdynamic 
make[1]: 디렉터리 '/home/linux/lanenet-lane-detection/opencv/opencv-3.2.0/build/opencv/opencv-3.2.0/build/CMakeFiles/CMakeTmp' 나감

===== END =====

Build output check failed:
    Regex: 'unrecognized .*option'
    Output line: 'cc1: warning: unrecognized command line option ‘-Wno-unnamed-type-template-args’'
Compilation failed:
    source file: '/home/linux/lanenet-lane-detection/opencv/opencv-3.2.0/build/opencv/opencv-3.2.0/build/CMakeFiles/CMakeTmp/src.c'
    check option: ' -fsigned-char -W -Wall -Werror=return-type -Werror=non-virtual-dtor -Werror=address -Werror=sequence-point -Wformat -Werror=format-security -Wmissing-declarations -Wmissing-prototypes -Wstrict-prototypes -Wundef -Winit-self -Wpointer-arith -Wshadow -Wno-narrowing  -Wno-unnamed-type-template-args'
===== BUILD LOG =====
Change Dir: /home/linux/lanenet-lane-detection/opencv/opencv-3.2.0/build/opencv/opencv-3.2.0/build/CMakeFiles/CMakeTmp

Run Build Command:"/usr/bin/make" "cmTC_0cc83/fast"
/usr/bin/make -f CMakeFiles/cmTC_0cc83.dir/build.make CMakeFiles/cmTC_0cc83.dir/build
make[1]: 디렉터리 '/home/linux/lanenet-lane-detection/opencv/opencv-3.2.0/build/opencv/opencv-3.2.0/build/CMakeFiles/CMakeTmp' 들어감
Building C object CMakeFiles/cmTC_0cc83.dir/src.c.o
/usr/bin/cc    -O3 -DNDEBUG   -fsigned-char -W -Wall -Werror=return-type -Werror=non-virtual-dtor -Werror=address -Werror=sequence-point -Wformat -Werror=format-security -Wmissing-declarations -Wmissing-prototypes -Wstrict-prototypes -Wundef -Winit-self -Wpointer-arith -Wshadow -Wno-narrowing -Wno-unnamed-type-template-args -o CMakeFiles/cmTC_0cc83.dir/src.c.o   -c /home/linux/lanenet-lane-detection/opencv/opencv-3.2.0/build/opencv/opencv-3.2.0/build/CMakeFiles/CMakeTmp/src.c
/home/linux/lanenet-lane-detection/opencv/opencv-3.2.0/build/opencv/opencv-3.2.0/build/CMakeFiles/CMakeTmp/src.c:1:0: warning: ignoring #pragma   [-Wunknown-pragmas]
 #pragma
 ^
cc1: warning: unrecognized command line option ‘-Wno-unnamed-type-template-args’
Linking C executable cmTC_0cc83
/usr/bin/cmake -E cmake_link_script CMakeFiles/cmTC_0cc83.dir/link.txt --verbose=1
/usr/bin/cc    -O3 -DNDEBUG    CMakeFiles/cmTC_0cc83.dir/src.c.o  -o cmTC_0cc83 -rdynamic 
make[1]: 디렉터리 '/home/linux/lanenet-lane-detection/opencv/opencv-3.2.0/build/opencv/opencv-3.2.0/build/CMakeFiles/CMakeTmp' 나감

===== END =====

Build output check failed:
    Regex: 'command line option .* is valid for .* but not for C'
    Output line: 'cc1: warning: command line option ‘-fvisibility-inlines-hidden’ is valid for C++/ObjC++ but not for C'
Compilation failed:
    source file: '/home/linux/lanenet-lane-detection/opencv/opencv-3.2.0/build/opencv/opencv-3.2.0/build/CMakeFiles/CMakeTmp/src.c'
    check option: ' -fsigned-char -W -Wall -Werror=return-type -Werror=non-virtual-dtor -Werror=address -Werror=sequence-point -Wformat -Werror=format-security -Wmissing-declarations -Wmissing-prototypes -Wstrict-prototypes -Wundef -Winit-self -Wpointer-arith -Wshadow -Wno-narrowing -Wno-comment -fdiagnostics-show-option -Wno-long-long -pthread -fomit-frame-pointer -msse -msse2 -mno-avx -msse3 -mno-ssse3 -mno-sse4.1 -mno-sse4.2 -ffunction-sections -fvisibility=hidden  -fvisibility-inlines-hidden'
===== BUILD LOG =====
Change Dir: /home/linux/lanenet-lane-detection/opencv/opencv-3.2.0/build/opencv/opencv-3.2.0/build/CMakeFiles/CMakeTmp

Run Build Command:"/usr/bin/make" "cmTC_17e75/fast"
/usr/bin/make -f CMakeFiles/cmTC_17e75.dir/build.make CMakeFiles/cmTC_17e75.dir/build
make[1]: 디렉터리 '/home/linux/lanenet-lane-detection/opencv/opencv-3.2.0/build/opencv/opencv-3.2.0/build/CMakeFiles/CMakeTmp' 들어감
Building C object CMakeFiles/cmTC_17e75.dir/src.c.o
/usr/bin/cc    -O3 -DNDEBUG   -fsigned-char -W -Wall -Werror=return-type -Werror=non-virtual-dtor -Werror=address -Werror=sequence-point -Wformat -Werror=format-security -Wmissing-declarations -Wmissing-prototypes -Wstrict-prototypes -Wundef -Winit-self -Wpointer-arith -Wshadow -Wno-narrowing -Wno-comment -fdiagnostics-show-option -Wno-long-long -pthread -fomit-frame-pointer -msse -msse2 -mno-avx -msse3 -mno-ssse3 -mno-sse4.1 -mno-sse4.2 -ffunction-sections -fvisibility=hidden -fvisibility-inlines-hidden -o CMakeFiles/cmTC_17e75.dir/src.c.o   -c /home/linux/lanenet-lane-detection/opencv/opencv-3.2.0/build/opencv/opencv-3.2.0/build/CMakeFiles/CMakeTmp/src.c
cc1: warning: command line option ‘-fvisibility-inlines-hidden’ is valid for C++/ObjC++ but not for C
/home/linux/lanenet-lane-detection/opencv/opencv-3.2.0/build/opencv/opencv-3.2.0/build/CMakeFiles/CMakeTmp/src.c:1:0: warning: ignoring #pragma   [-Wunknown-pragmas]
 #pragma
 ^
Linking C executable cmTC_17e75
/usr/bin/cmake -E cmake_link_script CMakeFiles/cmTC_17e75.dir/link.txt --verbose=1
/usr/bin/cc    -O3 -DNDEBUG    CMakeFiles/cmTC_17e75.dir/src.c.o  -o cmTC_17e75 -rdynamic 
make[1]: 디렉터리 '/home/linux/lanenet-lane-detection/opencv/opencv-3.2.0/build/opencv/opencv-3.2.0/build/CMakeFiles/CMakeTmp' 나감

===== END =====

Determining if the system is big endian passed with the following output:
Change Dir: /home/linux/lanenet-lane-detection/opencv/opencv-3.2.0/build/opencv/opencv-3.2.0/build/CMakeFiles/CMakeTmp

Run Build Command:"/usr/bin/make" "cmTC_85a93/fast"
/usr/bin/make -f CMakeFiles/cmTC_85a93.dir/build.make CMakeFiles/cmTC_85a93.dir/build
make[1]: 디렉터리 '/home/linux/lanenet-lane-detection/opencv/opencv-3.2.0/build/opencv/opencv-3.2.0/build/CMakeFiles/CMakeTmp' 들어감
Building C object CMakeFiles/cmTC_85a93.dir/TestEndianess.c.o
/usr/bin/cc    -fsigned-char -W -Wall -Werror=return-type -Werror=non-virtual-dtor -Werror=address -Werror=sequence-point -Wformat -Werror=format-security -Wmissing-declarations -Wmissing-prototypes -Wstrict-prototypes -Wundef -Winit-self -Wpointer-arith -Wshadow -Wno-narrowing -Wno-comment -fdiagnostics-show-option -Wno-long-long -pthread -fomit-frame-pointer -msse -msse2 -mno-avx -msse3 -mno-ssse3 -mno-sse4.1 -mno-sse4.2 -ffunction-sections -fvisibility=hidden  -O3 -DNDEBUG   -o CMakeFiles/cmTC_85a93.dir/TestEndianess.c.o   -c /home/linux/lanenet-lane-detection/opencv/opencv-3.2.0/build/opencv/opencv-3.2.0/build/CMakeFiles/CMakeTmp/TestEndianess.c
Linking C executable cmTC_85a93
/usr/bin/cmake -E cmake_link_script CMakeFiles/cmTC_85a93.dir/link.txt --verbose=1
/usr/bin/cc     -fsigned-char -W -Wall -Werror=return-type -Werror=non-virtual-dtor -Werror=address -Werror=sequence-point -Wformat -Werror=format-security -Wmissing-declarations -Wmissing-prototypes -Wstrict-prototypes -Wundef -Winit-self -Wpointer-arith -Wshadow -Wno-narrowing -Wno-comment -fdiagnostics-show-option -Wno-long-long -pthread -fomit-frame-pointer -msse -msse2 -mno-avx -msse3 -mno-ssse3 -mno-sse4.1 -mno-sse4.2 -ffunction-sections -fvisibility=hidden  -O3 -DNDEBUG    CMakeFiles/cmTC_85a93.dir/TestEndianess.c.o  -o cmTC_85a93 -rdynamic 
make[1]: 디렉터리 '/home/linux/lanenet-lane-detection/opencv/opencv-3.2.0/build/opencv/opencv-3.2.0/build/CMakeFiles/CMakeTmp' 나감

TestEndianess.c:
/* A 16 bit integer is required. */
typedef unsigned short cmakeint16;

/* On a little endian machine, these 16bit ints will give "THIS IS LITTLE ENDIAN."
   On a big endian machine the characters will be exchanged pairwise. */
const cmakeint16 info_little[] =  {0x4854, 0x5349, 0x4920, 0x2053, 0x494c, 0x5454, 0x454c, 0x4520, 0x444e, 0x4149, 0x2e4e, 0x0000};

/* on a big endian machine, these 16bit ints will give "THIS IS BIG ENDIAN."
   On a little endian machine the characters will be exchanged pairwise. */
const cmakeint16 info_big[] =     {0x5448, 0x4953, 0x2049, 0x5320, 0x4249, 0x4720, 0x454e, 0x4449, 0x414e, 0x2e2e, 0x0000};

#ifdef __CLASSIC_C__
int main(argc, argv) int argc; char *argv[];
#else
int main(int argc, char *argv[])
#endif
{
  int require = 0;
  require += info_little[argc];
  require += info_big[argc];
  (void)argv;
  return require;
}


Build output check failed:
    Regex: 'unrecognized .*option'
    Output line: 'cc1plus: warning: unrecognized command line option ‘-Wno-misleading-indentation’'
Compilation failed:
    source file: '/home/linux/lanenet-lane-detection/opencv/opencv-3.2.0/build/opencv/opencv-3.2.0/build/CMakeFiles/CMakeTmp/src.cxx'
    check option: ' -Wno-misleading-indentation'
===== BUILD LOG =====
Change Dir: /home/linux/lanenet-lane-detection/opencv/opencv-3.2.0/build/opencv/opencv-3.2.0/build/CMakeFiles/CMakeTmp

Run Build Command:"/usr/bin/make" "cmTC_cedc1/fast"
/usr/bin/make -f CMakeFiles/cmTC_cedc1.dir/build.make CMakeFiles/cmTC_cedc1.dir/build
make[1]: 디렉터리 '/home/linux/lanenet-lane-detection/opencv/opencv-3.2.0/build/opencv/opencv-3.2.0/build/CMakeFiles/CMakeTmp' 들어감
Building CXX object CMakeFiles/cmTC_cedc1.dir/src.cxx.o
/usr/bin/c++     -fsigned-char -W -Wall -Werror=return-type -Werror=non-virtual-dtor -Werror=address -Werror=sequence-point -Wformat -Werror=format-security   -Winit-self -Wpointer-arith  -Wsign-promo -Wno-narrowing -Wno-delete-non-virtual-dtor -Wno-comment -fdiagnostics-show-option -Wno-long-long -pthread -fomit-frame-pointer -msse -msse2 -mno-avx -msse3 -mno-ssse3 -mno-sse4.1 -mno-sse4.2 -ffunction-sections -fvisibility=hidden -fvisibility-inlines-hidden -Wno-shadow -Wno-unused -Wno-sign-compare -Wno-undef -Wno-missing-declarations -Wno-uninitialized -Wno-switch -Wno-parentheses -Wno-array-bounds -Wno-extra -Wno-deprecated-declarations  -O3 -DNDEBUG   -Wno-misleading-indentation -o CMakeFiles/cmTC_cedc1.dir/src.cxx.o -c /home/linux/lanenet-lane-detection/opencv/opencv-3.2.0/build/opencv/opencv-3.2.0/build/CMakeFiles/CMakeTmp/src.cxx
/home/linux/lanenet-lane-detection/opencv/opencv-3.2.0/build/opencv/opencv-3.2.0/build/CMakeFiles/CMakeTmp/src.cxx:1:0: warning: ignoring #pragma   [-Wunknown-pragmas]
 #pragma
 ^
cc1plus: warning: unrecognized command line option ‘-Wno-misleading-indentation’
Linking CXX executable cmTC_cedc1
/usr/bin/cmake -E cmake_link_script CMakeFiles/cmTC_cedc1.dir/link.txt --verbose=1
/usr/bin/c++      -fsigned-char -W -Wall -Werror=return-type -Werror=non-virtual-dtor -Werror=address -Werror=sequence-point -Wformat -Werror=format-security   -Winit-self -Wpointer-arith  -Wsign-promo -Wno-narrowing -Wno-delete-non-virtual-dtor -Wno-comment -fdiagnostics-show-option -Wno-long-long -pthread -fomit-frame-pointer -msse -msse2 -mno-avx -msse3 -mno-ssse3 -mno-sse4.1 -mno-sse4.2 -ffunction-sections -fvisibility=hidden -fvisibility-inlines-hidden -Wno-shadow -Wno-unused -Wno-sign-compare -Wno-undef -Wno-missing-declarations -Wno-uninitialized -Wno-switch -Wno-parentheses -Wno-array-bounds -Wno-extra -Wno-deprecated-declarations  -O3 -DNDEBUG    CMakeFiles/cmTC_cedc1.dir/src.cxx.o  -o cmTC_cedc1 -rdynamic 
make[1]: 디렉터리 '/home/linux/lanenet-lane-detection/opencv/opencv-3.2.0/build/opencv/opencv-3.2.0/build/CMakeFiles/CMakeTmp' 나감

===== END =====

Determining if the Q_WS_WIN exist failed with the following output:
Change Dir: /home/linux/lanenet-lane-detection/opencv/opencv-3.2.0/build/opencv/opencv-3.2.0/build/CMakeFiles/CMakeTmp

Run Build Command:"/usr/bin/make" "cmTC_12d6e/fast"
/usr/bin/make -f CMakeFiles/cmTC_12d6e.dir/build.make CMakeFiles/cmTC_12d6e.dir/build
make[1]: 디렉터리 '/home/linux/lanenet-lane-detection/opencv/opencv-3.2.0/build/opencv/opencv-3.2.0/build/CMakeFiles/CMakeTmp' 들어감
Building CXX object CMakeFiles/cmTC_12d6e.dir/CheckSymbolExists.cxx.o
/usr/bin/c++    -I/usr/include/qt4  -fsigned-char -W -Wall -Werror=return-type -Werror=non-virtual-dtor -Werror=address -Werror=sequence-point -Wformat -Werror=format-security -Wmissing-declarations -Wundef -Winit-self -Wpointer-arith -Wshadow -Wsign-promo -Wno-narrowing -Wno-delete-non-virtual-dtor -Wno-comment -fdiagnostics-show-option -Wno-long-long -pthread -fomit-frame-pointer -msse -msse2 -mno-avx -msse3 -mno-ssse3 -mno-sse4.1 -mno-sse4.2 -ffunction-sections -fvisibility=hidden -fvisibility-inlines-hidden  -O3 -DNDEBUG   -o CMakeFiles/cmTC_12d6e.dir/CheckSymbolExists.cxx.o -c /home/linux/lanenet-lane-detection/opencv/opencv-3.2.0/build/opencv/opencv-3.2.0/build/CMakeFiles/CMakeTmp/CheckSymbolExists.cxx
/home/linux/lanenet-lane-detection/opencv/opencv-3.2.0/build/opencv/opencv-3.2.0/build/CMakeFiles/CMakeTmp/CheckSymbolExists.cxx: In function ‘int main(int, char**)’:
/home/linux/lanenet-lane-detection/opencv/opencv-3.2.0/build/opencv/opencv-3.2.0/build/CMakeFiles/CMakeTmp/CheckSymbolExists.cxx:8:19: error: ‘Q_WS_WIN’ was not declared in this scope
   return ((int*)(&Q_WS_WIN))[argc];
                   ^
CMakeFiles/cmTC_12d6e.dir/build.make:65: 'CMakeFiles/cmTC_12d6e.dir/CheckSymbolExists.cxx.o' 타겟에 대한 명령이 실패했습니다
make[1]: *** [CMakeFiles/cmTC_12d6e.dir/CheckSymbolExists.cxx.o] 오류 1
make[1]: 디렉터리 '/home/linux/lanenet-lane-detection/opencv/opencv-3.2.0/build/opencv/opencv-3.2.0/build/CMakeFiles/CMakeTmp' 나감
Makefile:126: 'cmTC_12d6e/fast' 타겟에 대한 명령이 실패했습니다
make: *** [cmTC_12d6e/fast] 오류 2

File /home/linux/lanenet-lane-detection/opencv/opencv-3.2.0/build/opencv/opencv-3.2.0/build/CMakeFiles/CMakeTmp/CheckSymbolExists.cxx:
/* */
#include <QtCore/qglobal.h>

int main(int argc, char** argv)
{
  (void)argv;
#ifndef Q_WS_WIN
  return ((int*)(&Q_WS_WIN))[argc];
#else
  (void)argc;
  return 0;
#endif
}

Determining if the Q_WS_QWS exist failed with the following output:
Change Dir: /home/linux/lanenet-lane-detection/opencv/opencv-3.2.0/build/opencv/opencv-3.2.0/build/CMakeFiles/CMakeTmp

Run Build Command:"/usr/bin/make" "cmTC_d9643/fast"
/usr/bin/make -f CMakeFiles/cmTC_d9643.dir/build.make CMakeFiles/cmTC_d9643.dir/build
make[1]: 디렉터리 '/home/linux/lanenet-lane-detection/opencv/opencv-3.2.0/build/opencv/opencv-3.2.0/build/CMakeFiles/CMakeTmp' 들어감
Building CXX object CMakeFiles/cmTC_d9643.dir/CheckSymbolExists.cxx.o
/usr/bin/c++    -I/usr/include/qt4  -fsigned-char -W -Wall -Werror=return-type -Werror=non-virtual-dtor -Werror=address -Werror=sequence-point -Wformat -Werror=format-security -Wmissing-declarations -Wundef -Winit-self -Wpointer-arith -Wshadow -Wsign-promo -Wno-narrowing -Wno-delete-non-virtual-dtor -Wno-comment -fdiagnostics-show-option -Wno-long-long -pthread -fomit-frame-pointer -msse -msse2 -mno-avx -msse3 -mno-ssse3 -mno-sse4.1 -mno-sse4.2 -ffunction-sections -fvisibility=hidden -fvisibility-inlines-hidden  -O3 -DNDEBUG   -o CMakeFiles/cmTC_d9643.dir/CheckSymbolExists.cxx.o -c /home/linux/lanenet-lane-detection/opencv/opencv-3.2.0/build/opencv/opencv-3.2.0/build/CMakeFiles/CMakeTmp/CheckSymbolExists.cxx
/home/linux/lanenet-lane-detection/opencv/opencv-3.2.0/build/opencv/opencv-3.2.0/build/CMakeFiles/CMakeTmp/CheckSymbolExists.cxx: In function ‘int main(int, char**)’:
/home/linux/lanenet-lane-detection/opencv/opencv-3.2.0/build/opencv/opencv-3.2.0/build/CMakeFiles/CMakeTmp/CheckSymbolExists.cxx:8:19: error: ‘Q_WS_QWS’ was not declared in this scope
   return ((int*)(&Q_WS_QWS))[argc];
                   ^
CMakeFiles/cmTC_d9643.dir/build.make:65: 'CMakeFiles/cmTC_d9643.dir/CheckSymbolExists.cxx.o' 타겟에 대한 명령이 실패했습니다
make[1]: *** [CMakeFiles/cmTC_d9643.dir/CheckSymbolExists.cxx.o] 오류 1
make[1]: 디렉터리 '/home/linux/lanenet-lane-detection/opencv/opencv-3.2.0/build/opencv/opencv-3.2.0/build/CMakeFiles/CMakeTmp' 나감
Makefile:126: 'cmTC_d9643/fast' 타겟에 대한 명령이 실패했습니다
make: *** [cmTC_d9643/fast] 오류 2

File /home/linux/lanenet-lane-detection/opencv/opencv-3.2.0/build/opencv/opencv-3.2.0/build/CMakeFiles/CMakeTmp/CheckSymbolExists.cxx:
/* */
#include <QtCore/qglobal.h>

int main(int argc, char** argv)
{
  (void)argv;
#ifndef Q_WS_QWS
  return ((int*)(&Q_WS_QWS))[argc];
#else
  (void)argc;
  return 0;
#endif
}

Determining if the Q_WS_MAC exist failed with the following output:
Change Dir: /home/linux/lanenet-lane-detection/opencv/opencv-3.2.0/build/opencv/opencv-3.2.0/build/CMakeFiles/CMakeTmp

Run Build Command:"/usr/bin/make" "cmTC_df095/fast"
/usr/bin/make -f CMakeFiles/cmTC_df095.dir/build.make CMakeFiles/cmTC_df095.dir/build
make[1]: 디렉터리 '/home/linux/lanenet-lane-detection/opencv/opencv-3.2.0/build/opencv/opencv-3.2.0/build/CMakeFiles/CMakeTmp' 들어감
Building CXX object CMakeFiles/cmTC_df095.dir/CheckSymbolExists.cxx.o
/usr/bin/c++    -I/usr/include/qt4  -fsigned-char -W -Wall -Werror=return-type -Werror=non-virtual-dtor -Werror=address -Werror=sequence-point -Wformat -Werror=format-security -Wmissing-declarations -Wundef -Winit-self -Wpointer-arith -Wshadow -Wsign-promo -Wno-narrowing -Wno-delete-non-virtual-dtor -Wno-comment -fdiagnostics-show-option -Wno-long-long -pthread -fomit-frame-pointer -msse -msse2 -mno-avx -msse3 -mno-ssse3 -mno-sse4.1 -mno-sse4.2 -ffunction-sections -fvisibility=hidden -fvisibility-inlines-hidden  -O3 -DNDEBUG   -o CMakeFiles/cmTC_df095.dir/CheckSymbolExists.cxx.o -c /home/linux/lanenet-lane-detection/opencv/opencv-3.2.0/build/opencv/opencv-3.2.0/build/CMakeFiles/CMakeTmp/CheckSymbolExists.cxx
/home/linux/lanenet-lane-detection/opencv/opencv-3.2.0/build/opencv/opencv-3.2.0/build/CMakeFiles/CMakeTmp/CheckSymbolExists.cxx: In function ‘int main(int, char**)’:
/home/linux/lanenet-lane-detection/opencv/opencv-3.2.0/build/opencv/opencv-3.2.0/build/CMakeFiles/CMakeTmp/CheckSymbolExists.cxx:8:19: error: ‘Q_WS_MAC’ was not declared in this scope
   return ((int*)(&Q_WS_MAC))[argc];
                   ^
CMakeFiles/cmTC_df095.dir/build.make:65: 'CMakeFiles/cmTC_df095.dir/CheckSymbolExists.cxx.o' 타겟에 대한 명령이 실패했습니다
make[1]: *** [CMakeFiles/cmTC_df095.dir/CheckSymbolExists.cxx.o] 오류 1
make[1]: 디렉터리 '/home/linux/lanenet-lane-detection/opencv/opencv-3.2.0/build/opencv/opencv-3.2.0/build/CMakeFiles/CMakeTmp' 나감
Makefile:126: 'cmTC_df095/fast' 타겟에 대한 명령이 실패했습니다
make: *** [cmTC_df095/fast] 오류 2

File /home/linux/lanenet-lane-detection/opencv/opencv-3.2.0/build/opencv/opencv-3.2.0/build/CMakeFiles/CMakeTmp/CheckSymbolExists.cxx:
/* */
#include <QtCore/qglobal.h>

int main(int argc, char** argv)
{
  (void)argv;
#ifndef Q_WS_MAC
  return ((int*)(&Q_WS_MAC))[argc];
#else
  (void)argc;
  return 0;
#endif
}

Determining if the include file linux/videodev.h exists failed with the following output:
Change Dir: /home/linux/lanenet-lane-detection/opencv/opencv-3.2.0/build/opencv/opencv-3.2.0/build/CMakeFiles/CMakeTmp

Run Build Command:"/usr/bin/make" "cmTC_3123d/fast"
/usr/bin/make -f CMakeFiles/cmTC_3123d.dir/build.make CMakeFiles/cmTC_3123d.dir/build
make[1]: 디렉터리 '/home/linux/lanenet-lane-detection/opencv/opencv-3.2.0/build/opencv/opencv-3.2.0/build/CMakeFiles/CMakeTmp' 들어감
Building C object CMakeFiles/cmTC_3123d.dir/CheckIncludeFile.c.o
/usr/bin/cc    -fsigned-char -W -Wall -Werror=return-type -Werror=non-virtual-dtor -Werror=address -Werror=sequence-point -Wformat -Werror=format-security -Wmissing-declarations -Wmissing-prototypes -Wstrict-prototypes -Wundef -Winit-self -Wpointer-arith -Wshadow -Wno-narrowing -Wno-comment -fdiagnostics-show-option -Wno-long-long -pthread -fomit-frame-pointer -msse -msse2 -mno-avx -msse3 -mno-ssse3 -mno-sse4.1 -mno-sse4.2 -ffunction-sections -fvisibility=hidden  -O3 -DNDEBUG   -o CMakeFiles/cmTC_3123d.dir/CheckIncludeFile.c.o   -c /home/linux/lanenet-lane-detection/opencv/opencv-3.2.0/build/opencv/opencv-3.2.0/build/CMakeFiles/CMakeTmp/CheckIncludeFile.c
/home/linux/lanenet-lane-detection/opencv/opencv-3.2.0/build/opencv/opencv-3.2.0/build/CMakeFiles/CMakeTmp/CheckIncludeFile.c:1:28: fatal error: linux/videodev.h: 그런 파일이나 디렉터리가 없습니다
compilation terminated.
CMakeFiles/cmTC_3123d.dir/build.make:65: 'CMakeFiles/cmTC_3123d.dir/CheckIncludeFile.c.o' 타겟에 대한 명령이 실패했습니다
make[1]: *** [CMakeFiles/cmTC_3123d.dir/CheckIncludeFile.c.o] 오류 1
make[1]: 디렉터리 '/home/linux/lanenet-lane-detection/opencv/opencv-3.2.0/build/opencv/opencv-3.2.0/build/CMakeFiles/CMakeTmp' 나감
Makefile:126: 'cmTC_3123d/fast' 타겟에 대한 명령이 실패했습니다
make: *** [cmTC_3123d/fast] 오류 2


Determining if the include file sys/videoio.h exists failed with the following output:
Change Dir: /home/linux/lanenet-lane-detection/opencv/opencv-3.2.0/build/opencv/opencv-3.2.0/build/CMakeFiles/CMakeTmp

Run Build Command:"/usr/bin/make" "cmTC_32352/fast"
/usr/bin/make -f CMakeFiles/cmTC_32352.dir/build.make CMakeFiles/cmTC_32352.dir/build
make[1]: 디렉터리 '/home/linux/lanenet-lane-detection/opencv/opencv-3.2.0/build/opencv/opencv-3.2.0/build/CMakeFiles/CMakeTmp' 들어감
Building C object CMakeFiles/cmTC_32352.dir/CheckIncludeFile.c.o
/usr/bin/cc    -fsigned-char -W -Wall -Werror=return-type -Werror=non-virtual-dtor -Werror=address -Werror=sequence-point -Wformat -Werror=format-security -Wmissing-declarations -Wmissing-prototypes -Wstrict-prototypes -Wundef -Winit-self -Wpointer-arith -Wshadow -Wno-narrowing -Wno-comment -fdiagnostics-show-option -Wno-long-long -pthread -fomit-frame-pointer -msse -msse2 -mno-avx -msse3 -mno-ssse3 -mno-sse4.1 -mno-sse4.2 -ffunction-sections -fvisibility=hidden  -O3 -DNDEBUG   -o CMakeFiles/cmTC_32352.dir/CheckIncludeFile.c.o   -c /home/linux/lanenet-lane-detection/opencv/opencv-3.2.0/build/opencv/opencv-3.2.0/build/CMakeFiles/CMakeTmp/CheckIncludeFile.c
/home/linux/lanenet-lane-detection/opencv/opencv-3.2.0/build/opencv/opencv-3.2.0/build/CMakeFiles/CMakeTmp/CheckIncludeFile.c:1:25: fatal error: sys/videoio.h: 그런 파일이나 디렉터리가 없습니다
compilation terminated.
CMakeFiles/cmTC_32352.dir/build.make:65: 'CMakeFiles/cmTC_32352.dir/CheckIncludeFile.c.o' 타겟에 대한 명령이 실패했습니다
make[1]: *** [CMakeFiles/cmTC_32352.dir/CheckIncludeFile.c.o] 오류 1
make[1]: 디렉터리 '/home/linux/lanenet-lane-detection/opencv/opencv-3.2.0/build/opencv/opencv-3.2.0/build/CMakeFiles/CMakeTmp' 나감
Makefile:126: 'cmTC_32352/fast' 타겟에 대한 명령이 실패했습니다
make: *** [cmTC_32352/fast] 오류 2


Build output check failed:
    Regex: 'command line option .* is valid for .* but not for C\+\+'
    Output line: 'cc1plus: warning: command line option ‘-Wno-missing-prototypes’ is valid for C/ObjC but not for C++'
Compilation failed:
    source file: '/home/linux/lanenet-lane-detection/opencv/opencv-3.2.0/build/opencv/opencv-3.2.0/build/CMakeFiles/CMakeTmp/src.cxx'
    check option: ' -Wno-missing-prototypes'
===== BUILD LOG =====
Change Dir: /home/linux/lanenet-lane-detection/opencv/opencv-3.2.0/build/opencv/opencv-3.2.0/build/CMakeFiles/CMakeTmp

Run Build Command:"/usr/bin/make" "cmTC_00e84/fast"
/usr/bin/make -f CMakeFiles/cmTC_00e84.dir/build.make CMakeFiles/cmTC_00e84.dir/build
make[1]: 디렉터리 '/home/linux/lanenet-lane-detection/opencv/opencv-3.2.0/build/opencv/opencv-3.2.0/build/CMakeFiles/CMakeTmp' 들어감
Building CXX object CMakeFiles/cmTC_00e84.dir/src.cxx.o
/usr/bin/c++     -fsigned-char -W -Wall -Werror=return-type -Werror=non-virtual-dtor -Werror=address -Werror=sequence-point -Wformat -Werror=format-security  -Wundef -Winit-self -Wpointer-arith -Wshadow  -Wno-narrowing -Wno-delete-non-virtual-dtor -Wno-comment -fdiagnostics-show-option -Wno-long-long -pthread -fomit-frame-pointer -msse -msse2 -mno-avx -msse3 -mno-ssse3 -mno-sse4.1 -mno-sse4.2 -ffunction-sections -fvisibility=hidden -fvisibility-inlines-hidden -Wno-shadow -Wno-parentheses -Wno-maybe-uninitialized -Wno-sign-promo -Wno-missing-declarations  -O3 -DNDEBUG   -Wno-missing-prototypes -o CMakeFiles/cmTC_00e84.dir/src.cxx.o -c /home/linux/lanenet-lane-detection/opencv/opencv-3.2.0/build/opencv/opencv-3.2.0/build/CMakeFiles/CMakeTmp/src.cxx
cc1plus: warning: command line option ‘-Wno-missing-prototypes’ is valid for C/ObjC but not for C++
/home/linux/lanenet-lane-detection/opencv/opencv-3.2.0/build/opencv/opencv-3.2.0/build/CMakeFiles/CMakeTmp/src.cxx:1:0: warning: ignoring #pragma   [-Wunknown-pragmas]
 #pragma
 ^
Linking CXX executable cmTC_00e84
/usr/bin/cmake -E cmake_link_script CMakeFiles/cmTC_00e84.dir/link.txt --verbose=1
/usr/bin/c++      -fsigned-char -W -Wall -Werror=return-type -Werror=non-virtual-dtor -Werror=address -Werror=sequence-point -Wformat -Werror=format-security  -Wundef -Winit-self -Wpointer-arith -Wshadow  -Wno-narrowing -Wno-delete-non-virtual-dtor -Wno-comment -fdiagnostics-show-option -Wno-long-long -pthread -fomit-frame-pointer -msse -msse2 -mno-avx -msse3 -mno-ssse3 -mno-sse4.1 -mno-sse4.2 -ffunction-sections -fvisibility=hidden -fvisibility-inlines-hidden -Wno-shadow -Wno-parentheses -Wno-maybe-uninitialized -Wno-sign-promo -Wno-missing-declarations  -O3 -DNDEBUG    CMakeFiles/cmTC_00e84.dir/src.cxx.o  -o cmTC_00e84 -rdynamic 
make[1]: 디렉터리 '/home/linux/lanenet-lane-detection/opencv/opencv-3.2.0/build/opencv/opencv-3.2.0/build/CMakeFiles/CMakeTmp' 나감

===== END =====

Build output check failed:
    Regex: 'unrecognized .*option'
    Output line: 'cc1plus: warning: unrecognized command line option ‘-Wno-tautological-undefined-compare’'
Compilation failed:
    source file: '/home/linux/lanenet-lane-detection/opencv/opencv-3.2.0/build/opencv/opencv-3.2.0/build/CMakeFiles/CMakeTmp/src.cxx'
    check option: ' -Wno-tautological-undefined-compare'
===== BUILD LOG =====
Change Dir: /home/linux/lanenet-lane-detection/opencv/opencv-3.2.0/build/opencv/opencv-3.2.0/build/CMakeFiles/CMakeTmp

Run Build Command:"/usr/bin/make" "cmTC_5253f/fast"
/usr/bin/make -f CMakeFiles/cmTC_5253f.dir/build.make CMakeFiles/cmTC_5253f.dir/build
make[1]: 디렉터리 '/home/linux/lanenet-lane-detection/opencv/opencv-3.2.0/build/opencv/opencv-3.2.0/build/CMakeFiles/CMakeTmp' 들어감
Building CXX object CMakeFiles/cmTC_5253f.dir/src.cxx.o
/usr/bin/c++     -fsigned-char -W -Wall -Werror=return-type -Werror=non-virtual-dtor -Werror=address -Werror=sequence-point -Wformat -Werror=format-security   -Winit-self -Wpointer-arith   -Wno-narrowing -Wno-delete-non-virtual-dtor -Wno-comment -fdiagnostics-show-option -Wno-long-long -pthread -fomit-frame-pointer -msse -msse2 -mno-avx -msse3 -mno-ssse3 -mno-sse4.1 -mno-sse4.2 -ffunction-sections -fvisibility=hidden -fvisibility-inlines-hidden -Wno-shadow -Wno-parentheses -Wno-maybe-uninitialized -Wno-sign-promo -Wno-missing-declarations -Wno-deprecated -Wno-missing-declarations -Wno-shadow -Wno-unused-parameter -Wno-unused-local-typedefs -Wno-sign-compare -Wno-sign-promo -Wno-undef  -O3 -DNDEBUG   -Wno-tautological-undefined-compare -o CMakeFiles/cmTC_5253f.dir/src.cxx.o -c /home/linux/lanenet-lane-detection/opencv/opencv-3.2.0/build/opencv/opencv-3.2.0/build/CMakeFiles/CMakeTmp/src.cxx
/home/linux/lanenet-lane-detection/opencv/opencv-3.2.0/build/opencv/opencv-3.2.0/build/CMakeFiles/CMakeTmp/src.cxx:1:0: warning: ignoring #pragma   [-Wunknown-pragmas]
 #pragma
 ^
cc1plus: warning: unrecognized command line option ‘-Wno-tautological-undefined-compare’
Linking CXX executable cmTC_5253f
/usr/bin/cmake -E cmake_link_script CMakeFiles/cmTC_5253f.dir/link.txt --verbose=1
/usr/bin/c++      -fsigned-char -W -Wall -Werror=return-type -Werror=non-virtual-dtor -Werror=address -Werror=sequence-point -Wformat -Werror=format-security   -Winit-self -Wpointer-arith   -Wno-narrowing -Wno-delete-non-virtual-dtor -Wno-comment -fdiagnostics-show-option -Wno-long-long -pthread -fomit-frame-pointer -msse -msse2 -mno-avx -msse3 -mno-ssse3 -mno-sse4.1 -mno-sse4.2 -ffunction-sections -fvisibility=hidden -fvisibility-inlines-hidden -Wno-shadow -Wno-parentheses -Wno-maybe-uninitialized -Wno-sign-promo -Wno-missing-declarations -Wno-deprecated -Wno-missing-declarations -Wno-shadow -Wno-unused-parameter -Wno-unused-local-typedefs -Wno-sign-compare -Wno-sign-promo -Wno-undef  -O3 -DNDEBUG    CMakeFiles/cmTC_5253f.dir/src.cxx.o  -o cmTC_5253f -rdynamic 
make[1]: 디렉터리 '/home/linux/lanenet-lane-detection/opencv/opencv-3.2.0/build/opencv/opencv-3.2.0/build/CMakeFiles/CMakeTmp' 나감

===== END =====

Build output check failed:
    Regex: 'unrecognized .*option'
    Output line: 'cc1plus: warning: unrecognized command line option ‘-Wno-unused-const-variable’'
Compilation failed:
    source file: '/home/linux/lanenet-lane-detection/opencv/opencv-3.2.0/build/opencv/opencv-3.2.0/build/CMakeFiles/CMakeTmp/src.cxx'
    check option: ' -Wno-unused-const-variable'
===== BUILD LOG =====
Change Dir: /home/linux/lanenet-lane-detection/opencv/opencv-3.2.0/build/opencv/opencv-3.2.0/build/CMakeFiles/CMakeTmp

Run Build Command:"/usr/bin/make" "cmTC_36fe9/fast"
/usr/bin/make -f CMakeFiles/cmTC_36fe9.dir/build.make CMakeFiles/cmTC_36fe9.dir/build
make[1]: 디렉터리 '/home/linux/lanenet-lane-detection/opencv/opencv-3.2.0/build/opencv/opencv-3.2.0/build/CMakeFiles/CMakeTmp' 들어감
Building CXX object CMakeFiles/cmTC_36fe9.dir/src.cxx.o
/usr/bin/c++     -fsigned-char -W -Wall -Werror=return-type -Werror=non-virtual-dtor -Werror=address -Werror=sequence-point -Wformat -Werror=format-security   -Winit-self -Wpointer-arith   -Wno-narrowing -Wno-delete-non-virtual-dtor -Wno-comment -fdiagnostics-show-option -Wno-long-long -pthread -fomit-frame-pointer -msse -msse2 -mno-avx -msse3 -mno-ssse3 -mno-sse4.1 -mno-sse4.2 -ffunction-sections -fvisibility=hidden -fvisibility-inlines-hidden -Wno-shadow -Wno-parentheses -Wno-maybe-uninitialized -Wno-sign-promo -Wno-missing-declarations -Wno-deprecated -Wno-missing-declarations -Wno-shadow -Wno-unused-parameter -Wno-unused-local-typedefs -Wno-sign-compare -Wno-sign-promo -Wno-undef -Wno-ignored-qualifiers -Wno-extra -Wno-unused-function  -O3 -DNDEBUG   -Wno-unused-const-variable -o CMakeFiles/cmTC_36fe9.dir/src.cxx.o -c /home/linux/lanenet-lane-detection/opencv/opencv-3.2.0/build/opencv/opencv-3.2.0/build/CMakeFiles/CMakeTmp/src.cxx
/home/linux/lanenet-lane-detection/opencv/opencv-3.2.0/build/opencv/opencv-3.2.0/build/CMakeFiles/CMakeTmp/src.cxx:1:0: warning: ignoring #pragma   [-Wunknown-pragmas]
 #pragma
 ^
cc1plus: warning: unrecognized command line option ‘-Wno-unused-const-variable’
Linking CXX executable cmTC_36fe9
/usr/bin/cmake -E cmake_link_script CMakeFiles/cmTC_36fe9.dir/link.txt --verbose=1
/usr/bin/c++      -fsigned-char -W -Wall -Werror=return-type -Werror=non-virtual-dtor -Werror=address -Werror=sequence-point -Wformat -Werror=format-security   -Winit-self -Wpointer-arith   -Wno-narrowing -Wno-delete-non-virtual-dtor -Wno-comment -fdiagnostics-show-option -Wno-long-long -pthread -fomit-frame-pointer -msse -msse2 -mno-avx -msse3 -mno-ssse3 -mno-sse4.1 -mno-sse4.2 -ffunction-sections -fvisibility=hidden -fvisibility-inlines-hidden -Wno-shadow -Wno-parentheses -Wno-maybe-uninitialized -Wno-sign-promo -Wno-missing-declarations -Wno-deprecated -Wno-missing-declarations -Wno-shadow -Wno-unused-parameter -Wno-unused-local-typedefs -Wno-sign-compare -Wno-sign-promo -Wno-undef -Wno-ignored-qualifiers -Wno-extra -Wno-unused-function  -O3 -DNDEBUG    CMakeFiles/cmTC_36fe9.dir/src.cxx.o  -o cmTC_36fe9 -rdynamic 
make[1]: 디렉터리 '/home/linux/lanenet-lane-detection/opencv/opencv-3.2.0/build/opencv/opencv-3.2.0/build/CMakeFiles/CMakeTmp' 나감

===== END =====

Build output check failed:
    Regex: 'unrecognized .*option'
    Output line: 'cc1plus: warning: unrecognized command line option ‘-Wno-unused-private-field’'
Compilation failed:
    source file: '/home/linux/lanenet-lane-detection/opencv/opencv-3.2.0/build/opencv/opencv-3.2.0/build/CMakeFiles/CMakeTmp/src.cxx'
    check option: ' -Wno-unused-private-field'
===== BUILD LOG =====
Change Dir: /home/linux/lanenet-lane-detection/opencv/opencv-3.2.0/build/opencv/opencv-3.2.0/build/CMakeFiles/CMakeTmp

Run Build Command:"/usr/bin/make" "cmTC_79d8e/fast"
/usr/bin/make -f CMakeFiles/cmTC_79d8e.dir/build.make CMakeFiles/cmTC_79d8e.dir/build
make[1]: 디렉터리 '/home/linux/lanenet-lane-detection/opencv/opencv-3.2.0/build/opencv/opencv-3.2.0/build/CMakeFiles/CMakeTmp' 들어감
Building CXX object CMakeFiles/cmTC_79d8e.dir/src.cxx.o
/usr/bin/c++     -fsigned-char -W -Wall -Werror=return-type -Werror=non-virtual-dtor -Werror=address -Werror=sequence-point -Wformat -Werror=format-security -Wmissing-declarations -Wundef -Winit-self -Wpointer-arith -Wshadow -Wsign-promo -Wno-narrowing -Wno-delete-non-virtual-dtor -Wno-comment -fdiagnostics-show-option -Wno-long-long -pthread -fomit-frame-pointer -msse -msse2 -mno-avx -msse3 -mno-ssse3 -mno-sse4.1 -mno-sse4.2 -ffunction-sections -fvisibility=hidden -fvisibility-inlines-hidden -Wno-unused-function -Wno-overloaded-virtual  -O3 -DNDEBUG   -Wno-unused-private-field -o CMakeFiles/cmTC_79d8e.dir/src.cxx.o -c /home/linux/lanenet-lane-detection/opencv/opencv-3.2.0/build/opencv/opencv-3.2.0/build/CMakeFiles/CMakeTmp/src.cxx
/home/linux/lanenet-lane-detection/opencv/opencv-3.2.0/build/opencv/opencv-3.2.0/build/CMakeFiles/CMakeTmp/src.cxx:1:0: warning: ignoring #pragma   [-Wunknown-pragmas]
 #pragma
 ^
cc1plus: warning: unrecognized command line option ‘-Wno-unused-private-field’
Linking CXX executable cmTC_79d8e
/usr/bin/cmake -E cmake_link_script CMakeFiles/cmTC_79d8e.dir/link.txt --verbose=1
/usr/bin/c++      -fsigned-char -W -Wall -Werror=return-type -Werror=non-virtual-dtor -Werror=address -Werror=sequence-point -Wformat -Werror=format-security -Wmissing-declarations -Wundef -Winit-self -Wpointer-arith -Wshadow -Wsign-promo -Wno-narrowing -Wno-delete-non-virtual-dtor -Wno-comment -fdiagnostics-show-option -Wno-long-long -pthread -fomit-frame-pointer -msse -msse2 -mno-avx -msse3 -mno-ssse3 -mno-sse4.1 -mno-sse4.2 -ffunction-sections -fvisibility=hidden -fvisibility-inlines-hidden -Wno-unused-function -Wno-overloaded-virtual  -O3 -DNDEBUG    CMakeFiles/cmTC_79d8e.dir/src.cxx.o  -o cmTC_79d8e -rdynamic 
make[1]: 디렉터리 '/home/linux/lanenet-lane-detection/opencv/opencv-3.2.0/build/opencv/opencv-3.2.0/build/CMakeFiles/CMakeTmp' 나감

===== END =====

